<?xml version="1.0" encoding="UTF-8"?>
<testsuite name="com.hyesoo.practices.springboot.domain.posts.PostsRepositoryTest" tests="2" skipped="0" failures="0" errors="0" timestamp="2022-03-19T10:26:08" hostname="DESKTOP-03CPTR8" time="0.048">
  <properties/>
  <testcase name="게시글저장_불러오기()" classname="com.hyesoo.practices.springboot.domain.posts.PostsRepositoryTest" time="0.028"/>
  <testcase name="BaseTimeEntity_등록()" classname="com.hyesoo.practices.springboot.domain.posts.PostsRepositoryTest" time="0.019"/>
  <system-out><![CDATA[2022-03-19 19:26:06.526  INFO 1956 --- [    Test worker] .b.t.c.SpringBootTestContextBootstrapper : Neither @ContextConfiguration nor @ContextHierarchy found for test class [com.hyesoo.practices.springboot.domain.posts.PostsRepositoryTest], using SpringBootContextLoader
2022-03-19 19:26:06.527  INFO 1956 --- [    Test worker] o.s.t.c.support.AbstractContextLoader    : Could not detect default resource locations for test class [com.hyesoo.practices.springboot.domain.posts.PostsRepositoryTest]: no resource found for suffixes {-context.xml, Context.groovy}.
2022-03-19 19:26:06.528  INFO 1956 --- [    Test worker] t.c.s.AnnotationConfigContextLoaderUtils : Could not detect default configuration classes for test class [com.hyesoo.practices.springboot.domain.posts.PostsRepositoryTest]: PostsRepositoryTest does not declare any static, non-private, non-final, nested classes annotated with @Configuration.
2022-03-19 19:26:06.539  INFO 1956 --- [    Test worker] .b.t.c.SpringBootTestContextBootstrapper : Found @SpringBootConfiguration com.hyesoo.practices.springboot.Application for test class com.hyesoo.practices.springboot.domain.posts.PostsRepositoryTest
2022-03-19 19:26:06.542  INFO 1956 --- [    Test worker] .b.t.c.SpringBootTestContextBootstrapper : Loaded default TestExecutionListener class names from location [META-INF/spring.factories]: [org.springframework.boot.test.autoconfigure.restdocs.RestDocsTestExecutionListener, org.springframework.boot.test.autoconfigure.web.client.MockRestServiceServerResetTestExecutionListener, org.springframework.boot.test.autoconfigure.web.servlet.MockMvcPrintOnlyOnFailureTestExecutionListener, org.springframework.boot.test.autoconfigure.web.servlet.WebDriverTestExecutionListener, org.springframework.boot.test.autoconfigure.webservices.client.MockWebServiceServerTestExecutionListener, org.springframework.boot.test.mock.mockito.MockitoTestExecutionListener, org.springframework.boot.test.mock.mockito.ResetMocksTestExecutionListener, org.springframework.test.context.web.ServletTestExecutionListener, org.springframework.test.context.support.DirtiesContextBeforeModesTestExecutionListener, org.springframework.test.context.support.DependencyInjectionTestExecutionListener, org.springframework.test.context.support.DirtiesContextTestExecutionListener, org.springframework.test.context.transaction.TransactionalTestExecutionListener, org.springframework.test.context.jdbc.SqlScriptsTestExecutionListener, org.springframework.test.context.event.EventPublishingTestExecutionListener]
2022-03-19 19:26:06.543  INFO 1956 --- [    Test worker] .b.t.c.SpringBootTestContextBootstrapper : Using TestExecutionListeners: [org.springframework.test.context.web.ServletTestExecutionListener@53b839b, org.springframework.test.context.support.DirtiesContextBeforeModesTestExecutionListener@100533c5, org.springframework.boot.test.mock.mockito.MockitoTestExecutionListener@649f9772, org.springframework.boot.test.autoconfigure.SpringBootDependencyInjectionTestExecutionListener@392b22f4, org.springframework.test.context.support.DirtiesContextTestExecutionListener@60555911, org.springframework.test.context.transaction.TransactionalTestExecutionListener@5977d5c5, org.springframework.test.context.jdbc.SqlScriptsTestExecutionListener@414bed9e, org.springframework.test.context.event.EventPublishingTestExecutionListener@21174bc1, org.springframework.boot.test.autoconfigure.restdocs.RestDocsTestExecutionListener@6b401323, org.springframework.boot.test.autoconfigure.web.client.MockRestServiceServerResetTestExecutionListener@cfe3a73, org.springframework.boot.test.autoconfigure.web.servlet.MockMvcPrintOnlyOnFailureTestExecutionListener@1247016f, org.springframework.boot.test.autoconfigure.web.servlet.WebDriverTestExecutionListener@91519a5, org.springframework.boot.test.autoconfigure.webservices.client.MockWebServiceServerTestExecutionListener@62a7daaf, org.springframework.boot.test.mock.mockito.ResetMocksTestExecutionListener@1f77492a]

  .   ____          _            __ _ _
 /\\ / ___'_ __ _ _(_)_ __  __ _ \ \ \ \
( ( )\___ | '_ | '_| | '_ \/ _` | \ \ \ \
 \\/  ___)| |_)| | | | | || (_| |  ) ) ) )
  '  |____| .__|_| |_|_| |_\__, | / / / /
 =========|_|==============|___/=/_/_/_/
 :: Spring Boot ::                (v2.4.1)

2022-03-19 19:26:06.565  INFO 1956 --- [    Test worker] c.h.p.s.d.posts.PostsRepositoryTest      : Starting PostsRepositoryTest using Java 11.0.12 on DESKTOP-03CPTR8 with PID 1956 (started by 82108 in D:\study\springboot-webservice)
2022-03-19 19:26:06.566  INFO 1956 --- [    Test worker] c.h.p.s.d.posts.PostsRepositoryTest      : The following profiles are active: oauth
2022-03-19 19:26:06.851  INFO 1956 --- [    Test worker] .s.d.r.c.RepositoryConfigurationDelegate : Bootstrapping Spring Data JPA repositories in DEFAULT mode.
2022-03-19 19:26:06.874  INFO 1956 --- [    Test worker] .s.d.r.c.RepositoryConfigurationDelegate : Finished Spring Data repository scanning in 22 ms. Found 2 JPA repository interfaces.
2022-03-19 19:26:07.080  INFO 1956 --- [    Test worker] com.zaxxer.hikari.HikariDataSource       : HikariPool-2 - Starting...
2022-03-19 19:26:07.081  INFO 1956 --- [    Test worker] com.zaxxer.hikari.HikariDataSource       : HikariPool-2 - Start completed.
2022-03-19 19:26:07.098  INFO 1956 --- [    Test worker] o.hibernate.jpa.internal.util.LogHelper  : HHH000204: Processing PersistenceUnitInfo [name: default]
2022-03-19 19:26:07.107  INFO 1956 --- [    Test worker] org.hibernate.dialect.Dialect            : HHH000400: Using dialect: org.hibernate.dialect.MySQL57Dialect
Hibernate: drop table if exists posts
Hibernate: drop table if exists user
Hibernate: create table posts (id bigint not null auto_increment, created_date datetime(6), modified_date datetime(6), author varchar(255), content TEXT not null, title varchar(500) not null, primary key (id)) engine=InnoDB
Hibernate: create table user (id bigint not null auto_increment, created_date datetime(6), modified_date datetime(6), email varchar(255) not null, name varchar(255) not null, picture varchar(255), role varchar(255) not null, primary key (id)) engine=InnoDB
2022-03-19 19:26:07.181  INFO 1956 --- [    Test worker] o.h.e.t.j.p.i.JtaPlatformInitiator       : HHH000490: Using JtaPlatform implementation: [org.hibernate.engine.transaction.jta.platform.internal.NoJtaPlatform]
2022-03-19 19:26:07.181  INFO 1956 --- [    Test worker] j.LocalContainerEntityManagerFactoryBean : Initialized JPA EntityManagerFactory for persistence unit 'default'
2022-03-19 19:26:07.305  WARN 1956 --- [    Test worker] JpaBaseConfiguration$JpaWebConfiguration : spring.jpa.open-in-view is enabled by default. Therefore, database queries may be performed during view rendering. Explicitly configure spring.jpa.open-in-view to disable this warning
2022-03-19 19:26:07.484  INFO 1956 --- [    Test worker] o.s.s.web.DefaultSecurityFilterChain     : Will secure any request with [org.springframework.security.web.context.request.async.WebAsyncManagerIntegrationFilter@cae32f6, org.springframework.security.web.context.SecurityContextPersistenceFilter@55e114dd, org.springframework.security.web.header.HeaderWriterFilter@35392a73, org.springframework.security.web.authentication.logout.LogoutFilter@6e239ef6, org.springframework.security.oauth2.client.web.OAuth2AuthorizationRequestRedirectFilter@6f5aeb92, org.springframework.security.oauth2.client.web.OAuth2LoginAuthenticationFilter@420d6d02, org.springframework.security.web.authentication.ui.DefaultLoginPageGeneratingFilter@50fee42a, org.springframework.security.web.authentication.ui.DefaultLogoutPageGeneratingFilter@2835f63, org.springframework.security.web.savedrequest.RequestCacheAwareFilter@4c55fe30, org.springframework.security.web.servletapi.SecurityContextHolderAwareRequestFilter@30c32f7b, org.springframework.security.web.authentication.AnonymousAuthenticationFilter@3a3d22da, org.springframework.security.web.session.SessionManagementFilter@1a9f4849, org.springframework.security.web.access.ExceptionTranslationFilter@14c1bd8c, org.springframework.security.web.access.intercept.FilterSecurityInterceptor@679d27df]
2022-03-19 19:26:07.672  INFO 1956 --- [    Test worker] o.s.s.concurrent.ThreadPoolTaskExecutor  : Initializing ExecutorService 'applicationTaskExecutor'
2022-03-19 19:26:07.695  INFO 1956 --- [    Test worker] o.s.b.a.h2.H2ConsoleAutoConfiguration    : H2 console available at '/h2-console'. Database available at 'jdbc:h2:mem:testdb'
2022-03-19 19:26:07.738  INFO 1956 --- [    Test worker] o.s.b.a.w.s.WelcomePageHandlerMapping    : Adding welcome page template: index
2022-03-19 19:26:08.026  INFO 1956 --- [    Test worker] s.a.ScheduledAnnotationBeanPostProcessor : No TaskScheduler/ScheduledExecutorService bean found for scheduled processing
2022-03-19 19:26:08.028  INFO 1956 --- [    Test worker] c.h.p.s.d.posts.PostsRepositoryTest      : Started PostsRepositoryTest in 1.482 seconds (JVM running for 11.272)
Hibernate: insert into posts (created_date, modified_date, author, content, title) values (?, ?, ?, ?, ?)
Hibernate: select posts0_.id as id1_0_, posts0_.created_date as created_2_0_, posts0_.modified_date as modified3_0_, posts0_.author as author4_0_, posts0_.content as content5_0_, posts0_.title as title6_0_ from posts posts0_
Hibernate: select posts0_.id as id1_0_, posts0_.created_date as created_2_0_, posts0_.modified_date as modified3_0_, posts0_.author as author4_0_, posts0_.content as content5_0_, posts0_.title as title6_0_ from posts posts0_
Hibernate: delete from posts where id=?
Hibernate: insert into posts (created_date, modified_date, author, content, title) values (?, ?, ?, ?, ?)
Hibernate: select posts0_.id as id1_0_, posts0_.created_date as created_2_0_, posts0_.modified_date as modified3_0_, posts0_.author as author4_0_, posts0_.content as content5_0_, posts0_.title as title6_0_ from posts posts0_
>>>>>>>>>>>>createDate=2022-03-19T19:26:08.072384, modifiedDate=2022-03-19T19:26:08.072384
Hibernate: select posts0_.id as id1_0_, posts0_.created_date as created_2_0_, posts0_.modified_date as modified3_0_, posts0_.author as author4_0_, posts0_.content as content5_0_, posts0_.title as title6_0_ from posts posts0_
Hibernate: delete from posts where id=?
]]></system-out>
  <system-err><![CDATA[]]></system-err>
</testsuite>
