<?xml version="1.0" encoding="UTF-8"?>
<testsuite name="com.hyesoo.practices.springboot.web.IndexControllerTest" tests="1" skipped="0" failures="0" errors="0" timestamp="2022-03-19T10:26:08" hostname="DESKTOP-03CPTR8" time="0.112">
  <properties/>
  <testcase name="메인페이지_로딩()" classname="com.hyesoo.practices.springboot.web.IndexControllerTest" time="0.112"/>
  <system-out><![CDATA[2022-03-19 19:26:08.097  INFO 1956 --- [    Test worker] .b.t.c.SpringBootTestContextBootstrapper : Neither @ContextConfiguration nor @ContextHierarchy found for test class [com.hyesoo.practices.springboot.web.IndexControllerTest], using SpringBootContextLoader
2022-03-19 19:26:08.098  INFO 1956 --- [    Test worker] o.s.t.c.support.AbstractContextLoader    : Could not detect default resource locations for test class [com.hyesoo.practices.springboot.web.IndexControllerTest]: no resource found for suffixes {-context.xml, Context.groovy}.
2022-03-19 19:26:08.098  INFO 1956 --- [    Test worker] t.c.s.AnnotationConfigContextLoaderUtils : Could not detect default configuration classes for test class [com.hyesoo.practices.springboot.web.IndexControllerTest]: IndexControllerTest does not declare any static, non-private, non-final, nested classes annotated with @Configuration.
2022-03-19 19:26:08.101  INFO 1956 --- [    Test worker] .b.t.c.SpringBootTestContextBootstrapper : Found @SpringBootConfiguration com.hyesoo.practices.springboot.Application for test class com.hyesoo.practices.springboot.web.IndexControllerTest
2022-03-19 19:26:08.103  INFO 1956 --- [    Test worker] .b.t.c.SpringBootTestContextBootstrapper : Loaded default TestExecutionListener class names from location [META-INF/spring.factories]: [org.springframework.boot.test.autoconfigure.restdocs.RestDocsTestExecutionListener, org.springframework.boot.test.autoconfigure.web.client.MockRestServiceServerResetTestExecutionListener, org.springframework.boot.test.autoconfigure.web.servlet.MockMvcPrintOnlyOnFailureTestExecutionListener, org.springframework.boot.test.autoconfigure.web.servlet.WebDriverTestExecutionListener, org.springframework.boot.test.autoconfigure.webservices.client.MockWebServiceServerTestExecutionListener, org.springframework.boot.test.mock.mockito.MockitoTestExecutionListener, org.springframework.boot.test.mock.mockito.ResetMocksTestExecutionListener, org.springframework.test.context.web.ServletTestExecutionListener, org.springframework.test.context.support.DirtiesContextBeforeModesTestExecutionListener, org.springframework.test.context.support.DependencyInjectionTestExecutionListener, org.springframework.test.context.support.DirtiesContextTestExecutionListener, org.springframework.test.context.transaction.TransactionalTestExecutionListener, org.springframework.test.context.jdbc.SqlScriptsTestExecutionListener, org.springframework.test.context.event.EventPublishingTestExecutionListener]
2022-03-19 19:26:08.104  INFO 1956 --- [    Test worker] .b.t.c.SpringBootTestContextBootstrapper : Using TestExecutionListeners: [org.springframework.test.context.web.ServletTestExecutionListener@82d3539, org.springframework.test.context.support.DirtiesContextBeforeModesTestExecutionListener@5d2ba88b, org.springframework.boot.test.mock.mockito.MockitoTestExecutionListener@79824ac8, org.springframework.boot.test.autoconfigure.SpringBootDependencyInjectionTestExecutionListener@21849ce4, org.springframework.test.context.support.DirtiesContextTestExecutionListener@4061f110, org.springframework.test.context.transaction.TransactionalTestExecutionListener@400e7667, org.springframework.test.context.jdbc.SqlScriptsTestExecutionListener@2bb1b0a4, org.springframework.test.context.event.EventPublishingTestExecutionListener@2e577a8a, org.springframework.boot.test.autoconfigure.restdocs.RestDocsTestExecutionListener@6171e721, org.springframework.boot.test.autoconfigure.web.client.MockRestServiceServerResetTestExecutionListener@527f0826, org.springframework.boot.test.autoconfigure.web.servlet.MockMvcPrintOnlyOnFailureTestExecutionListener@746da65d, org.springframework.boot.test.autoconfigure.web.servlet.WebDriverTestExecutionListener@617b0170, org.springframework.boot.test.autoconfigure.webservices.client.MockWebServiceServerTestExecutionListener@f5dba91, org.springframework.boot.test.mock.mockito.ResetMocksTestExecutionListener@25c9ad64]
Hibernate: select posts0_.id as id1_0_, posts0_.created_date as created_2_0_, posts0_.modified_date as modified3_0_, posts0_.author as author4_0_, posts0_.content as content5_0_, posts0_.title as title6_0_ from posts posts0_ order by posts0_.id DESC
]]></system-out>
  <system-err><![CDATA[]]></system-err>
</testsuite>
